2021-06-04 20:37:43,861 INFO: Program start
2021-06-04 20:37:48,842 INFO: Computing single conformation features
2021-06-04 20:37:48,842 INFO: Structure 0 out of 200
2021-06-04 20:37:49,142 INFO: Structure 1 out of 200
2021-06-04 20:37:49,432 INFO: Structure 2 out of 200
2021-06-04 20:37:49,713 INFO: Structure 3 out of 200
2021-06-04 20:37:49,984 INFO: Structure 4 out of 200
2021-06-04 20:37:50,260 INFO: Structure 5 out of 200
2021-06-04 20:37:50,555 INFO: Structure 6 out of 200
2021-06-04 20:37:50,833 INFO: Structure 7 out of 200
2021-06-04 20:37:51,122 INFO: Structure 8 out of 200
2021-06-04 20:37:51,424 INFO: Structure 9 out of 200
2021-06-04 20:37:51,753 INFO: Structure 10 out of 200
2021-06-04 20:37:52,104 INFO: Structure 11 out of 200
2021-06-04 20:37:52,389 INFO: Structure 12 out of 200
2021-06-04 20:37:52,716 INFO: Structure 13 out of 200
2021-06-04 20:37:53,018 INFO: Structure 14 out of 200
2021-06-04 20:37:53,412 INFO: Structure 15 out of 200
2021-06-04 20:37:53,753 INFO: Structure 16 out of 200
2021-06-04 20:37:54,401 INFO: Structure 17 out of 200
2021-06-04 20:37:54,965 INFO: Structure 18 out of 200
2021-06-04 20:37:55,340 INFO: Structure 19 out of 200
2021-06-04 20:37:55,781 INFO: Structure 20 out of 200
2021-06-04 20:37:56,133 INFO: Structure 21 out of 200
2021-06-04 20:37:56,463 INFO: Structure 22 out of 200
2021-06-04 20:37:56,761 INFO: Structure 23 out of 200
2021-06-04 20:37:57,102 INFO: Structure 24 out of 200
2021-06-04 20:37:57,450 INFO: Structure 25 out of 200
2021-06-04 20:37:57,820 INFO: Structure 26 out of 200
2021-06-04 20:37:58,190 INFO: Structure 27 out of 200
2021-06-04 20:37:58,655 INFO: Structure 28 out of 200
2021-06-04 20:37:59,745 INFO: Structure 29 out of 200
2021-06-04 20:38:00,295 INFO: Structure 30 out of 200
2021-06-04 20:38:00,679 INFO: Structure 31 out of 200
2021-06-04 20:38:00,968 INFO: Structure 32 out of 200
2021-06-04 20:38:01,359 INFO: Structure 33 out of 200
2021-06-04 20:38:01,638 INFO: Structure 34 out of 200
2021-06-04 20:38:02,011 INFO: Structure 35 out of 200
2021-06-04 20:38:02,416 INFO: Structure 36 out of 200
2021-06-04 20:38:03,026 INFO: Structure 37 out of 200
2021-06-04 20:38:03,759 INFO: Structure 38 out of 200
2021-06-04 20:38:04,437 INFO: Structure 39 out of 200
2021-06-04 20:38:04,724 INFO: Structure 40 out of 200
2021-06-04 20:38:04,996 INFO: Structure 41 out of 200
2021-06-04 20:38:05,267 INFO: Structure 42 out of 200
2021-06-04 20:38:05,548 INFO: Structure 43 out of 200
2021-06-04 20:38:05,823 INFO: Structure 44 out of 200
2021-06-04 20:38:06,098 INFO: Structure 45 out of 200
2021-06-04 20:38:06,375 INFO: Structure 46 out of 200
2021-06-04 20:38:06,648 INFO: Structure 47 out of 200
2021-06-04 20:38:06,918 INFO: Structure 48 out of 200
2021-06-04 20:38:07,190 INFO: Structure 49 out of 200
2021-06-04 20:38:07,466 INFO: Structure 50 out of 200
2021-06-04 20:38:07,737 INFO: Structure 51 out of 200
2021-06-04 20:38:08,016 INFO: Structure 52 out of 200
2021-06-04 20:38:08,292 INFO: Structure 53 out of 200
2021-06-04 20:38:08,575 INFO: Structure 54 out of 200
2021-06-04 20:38:08,861 INFO: Structure 55 out of 200
2021-06-04 20:38:09,131 INFO: Structure 56 out of 200
2021-06-04 20:38:09,417 INFO: Structure 57 out of 200
2021-06-04 20:38:09,690 INFO: Structure 58 out of 200
2021-06-04 20:38:09,969 INFO: Structure 59 out of 200
2021-06-04 20:38:10,247 INFO: Structure 60 out of 200
2021-06-04 20:38:10,526 INFO: Structure 61 out of 200
2021-06-04 20:38:10,842 INFO: Structure 62 out of 200
2021-06-04 20:38:11,116 INFO: Structure 63 out of 200
2021-06-04 20:38:11,393 INFO: Structure 64 out of 200
2021-06-04 20:38:11,664 INFO: Structure 65 out of 200
2021-06-04 20:38:11,936 INFO: Structure 66 out of 200
2021-06-04 20:38:12,205 INFO: Structure 67 out of 200
2021-06-04 20:38:12,488 INFO: Structure 68 out of 200
2021-06-04 20:38:12,761 INFO: Structure 69 out of 200
2021-06-04 20:38:13,035 INFO: Structure 70 out of 200
2021-06-04 20:38:13,350 INFO: Structure 71 out of 200
2021-06-04 20:38:13,623 INFO: Structure 72 out of 200
2021-06-04 20:38:13,899 INFO: Structure 73 out of 200
2021-06-04 20:38:14,183 INFO: Structure 74 out of 200
2021-06-04 20:38:14,469 INFO: Structure 75 out of 200
2021-06-04 20:38:14,741 INFO: Structure 76 out of 200
2021-06-04 20:38:15,013 INFO: Structure 77 out of 200
2021-06-04 20:38:15,287 INFO: Structure 78 out of 200
2021-06-04 20:38:15,562 INFO: Structure 79 out of 200
2021-06-04 20:38:15,836 INFO: Structure 80 out of 200
2021-06-04 20:38:16,113 INFO: Structure 81 out of 200
2021-06-04 20:38:16,390 INFO: Structure 82 out of 200
2021-06-04 20:38:16,669 INFO: Structure 83 out of 200
2021-06-04 20:38:16,945 INFO: Structure 84 out of 200
2021-06-04 20:38:17,215 INFO: Structure 85 out of 200
2021-06-04 20:38:17,495 INFO: Structure 86 out of 200
2021-06-04 20:38:17,766 INFO: Structure 87 out of 200
2021-06-04 20:38:18,044 INFO: Structure 88 out of 200
2021-06-04 20:38:18,317 INFO: Structure 89 out of 200
2021-06-04 20:38:18,596 INFO: Structure 90 out of 200
2021-06-04 20:38:18,955 INFO: Structure 91 out of 200
2021-06-04 20:38:19,311 INFO: Structure 92 out of 200
2021-06-04 20:38:19,722 INFO: Structure 93 out of 200
2021-06-04 20:38:20,002 INFO: Structure 94 out of 200
2021-06-04 20:38:20,274 INFO: Structure 95 out of 200
2021-06-04 20:38:20,600 INFO: Structure 96 out of 200
2021-06-04 20:38:20,907 INFO: Structure 97 out of 200
2021-06-04 20:38:21,183 INFO: Structure 98 out of 200
2021-06-04 20:38:21,460 INFO: Structure 99 out of 200
2021-06-04 20:38:21,733 INFO: Structure 100 out of 200
2021-06-04 20:38:22,012 INFO: Structure 101 out of 200
2021-06-04 20:38:22,282 INFO: Structure 102 out of 200
2021-06-04 20:38:22,565 INFO: Structure 103 out of 200
2021-06-04 20:38:22,836 INFO: Structure 104 out of 200
2021-06-04 20:38:23,112 INFO: Structure 105 out of 200
2021-06-04 20:38:23,383 INFO: Structure 106 out of 200
2021-06-04 20:38:23,659 INFO: Structure 107 out of 200
2021-06-04 20:38:23,930 INFO: Structure 108 out of 200
2021-06-04 20:38:24,196 INFO: Structure 109 out of 200
2021-06-04 20:38:24,471 INFO: Structure 110 out of 200
2021-06-04 20:38:24,740 INFO: Structure 111 out of 200
2021-06-04 20:38:25,014 INFO: Structure 112 out of 200
2021-06-04 20:38:25,286 INFO: Structure 113 out of 200
2021-06-04 20:38:25,561 INFO: Structure 114 out of 200
2021-06-04 20:38:25,865 INFO: Structure 115 out of 200
2021-06-04 20:38:26,157 INFO: Structure 116 out of 200
2021-06-04 20:38:26,429 INFO: Structure 117 out of 200
2021-06-04 20:38:26,702 INFO: Structure 118 out of 200
2021-06-04 20:38:26,979 INFO: Structure 119 out of 200
2021-06-04 20:38:27,250 INFO: Structure 120 out of 200
2021-06-04 20:38:27,533 INFO: Structure 121 out of 200
2021-06-04 20:38:27,802 INFO: Structure 122 out of 200
2021-06-04 20:38:28,080 INFO: Structure 123 out of 200
2021-06-04 20:38:28,353 INFO: Structure 124 out of 200
2021-06-04 20:38:28,630 INFO: Structure 125 out of 200
2021-06-04 20:38:28,903 INFO: Structure 126 out of 200
2021-06-04 20:38:29,177 INFO: Structure 127 out of 200
2021-06-04 20:38:29,451 INFO: Structure 128 out of 200
2021-06-04 20:38:29,726 INFO: Structure 129 out of 200
2021-06-04 20:38:30,002 INFO: Structure 130 out of 200
2021-06-04 20:38:30,273 INFO: Structure 131 out of 200
2021-06-04 20:38:30,550 INFO: Structure 132 out of 200
2021-06-04 20:38:30,819 INFO: Structure 133 out of 200
2021-06-04 20:38:31,094 INFO: Structure 134 out of 200
2021-06-04 20:38:31,365 INFO: Structure 135 out of 200
2021-06-04 20:38:31,641 INFO: Structure 136 out of 200
2021-06-04 20:38:31,913 INFO: Structure 137 out of 200
2021-06-04 20:38:32,191 INFO: Structure 138 out of 200
2021-06-04 20:38:32,457 INFO: Structure 139 out of 200
2021-06-04 20:38:32,735 INFO: Structure 140 out of 200
2021-06-04 20:38:33,011 INFO: Structure 141 out of 200
2021-06-04 20:38:33,328 INFO: Structure 142 out of 200
2021-06-04 20:38:33,606 INFO: Structure 143 out of 200
2021-06-04 20:38:33,926 INFO: Structure 144 out of 200
2021-06-04 20:38:34,277 INFO: Structure 145 out of 200
2021-06-04 20:38:34,582 INFO: Structure 146 out of 200
2021-06-04 20:38:34,874 INFO: Structure 147 out of 200
2021-06-04 20:38:35,224 INFO: Structure 148 out of 200
2021-06-04 20:38:35,505 INFO: Structure 149 out of 200
2021-06-04 20:38:35,867 INFO: Structure 150 out of 200
2021-06-04 20:38:36,161 INFO: Structure 151 out of 200
2021-06-04 20:38:36,468 INFO: Structure 152 out of 200
2021-06-04 20:38:36,784 INFO: Structure 153 out of 200
2021-06-04 20:38:37,074 INFO: Structure 154 out of 200
2021-06-04 20:38:37,345 INFO: Structure 155 out of 200
2021-06-04 20:38:37,617 INFO: Structure 156 out of 200
2021-06-04 20:38:37,888 INFO: Structure 157 out of 200
2021-06-04 20:38:38,167 INFO: Structure 158 out of 200
2021-06-04 20:38:38,439 INFO: Structure 159 out of 200
2021-06-04 20:38:38,714 INFO: Structure 160 out of 200
2021-06-04 20:38:38,984 INFO: Structure 161 out of 200
2021-06-04 20:38:39,258 INFO: Structure 162 out of 200
2021-06-04 20:38:39,537 INFO: Structure 163 out of 200
2021-06-04 20:38:39,811 INFO: Structure 164 out of 200
2021-06-04 20:38:40,085 INFO: Structure 165 out of 200
2021-06-04 20:38:40,358 INFO: Structure 166 out of 200
2021-06-04 20:38:40,632 INFO: Structure 167 out of 200
2021-06-04 20:38:40,929 INFO: Structure 168 out of 200
2021-06-04 20:38:41,205 INFO: Structure 169 out of 200
2021-06-04 20:38:41,478 INFO: Structure 170 out of 200
2021-06-04 20:38:41,754 INFO: Structure 171 out of 200
2021-06-04 20:38:42,026 INFO: Structure 172 out of 200
2021-06-04 20:38:42,301 INFO: Structure 173 out of 200
2021-06-04 20:38:42,579 INFO: Structure 174 out of 200
2021-06-04 20:38:42,853 INFO: Structure 175 out of 200
2021-06-04 20:38:43,127 INFO: Structure 176 out of 200
2021-06-04 20:38:43,401 INFO: Structure 177 out of 200
2021-06-04 20:38:43,678 INFO: Structure 178 out of 200
2021-06-04 20:38:43,949 INFO: Structure 179 out of 200
2021-06-04 20:38:44,222 INFO: Structure 180 out of 200
2021-06-04 20:38:44,524 INFO: Structure 181 out of 200
2021-06-04 20:38:44,830 INFO: Structure 182 out of 200
2021-06-04 20:38:45,213 INFO: Structure 183 out of 200
2021-06-04 20:38:45,525 INFO: Structure 184 out of 200
2021-06-04 20:38:45,800 INFO: Structure 185 out of 200
2021-06-04 20:38:46,078 INFO: Structure 186 out of 200
2021-06-04 20:38:46,349 INFO: Structure 187 out of 200
2021-06-04 20:38:46,623 INFO: Structure 188 out of 200
2021-06-04 20:38:46,896 INFO: Structure 189 out of 200
2021-06-04 20:38:47,181 INFO: Structure 190 out of 200
2021-06-04 20:38:47,456 INFO: Structure 191 out of 200
2021-06-04 20:38:47,732 INFO: Structure 192 out of 200
2021-06-04 20:38:48,010 INFO: Structure 193 out of 200
2021-06-04 20:38:48,287 INFO: Structure 194 out of 200
2021-06-04 20:38:48,560 INFO: Structure 195 out of 200
2021-06-04 20:38:48,849 INFO: Structure 196 out of 200
2021-06-04 20:38:49,125 INFO: Structure 197 out of 200
2021-06-04 20:38:49,398 INFO: Structure 198 out of 200
2021-06-04 20:38:49,674 INFO: Structure 199 out of 200
2021-06-04 20:38:49,948 INFO: Dumping single conformation features to file
2021-06-04 20:38:55,139 INFO: Computing distance matrix for clustering
2021-06-04 20:40:31,262 INFO: Showing clustering distance matrix
2021-06-04 20:40:39,406 INFO: Task 1 program end
