2021-06-06 15:31:20,223 INFO: Program start
2021-06-06 15:31:36,241 INFO: Computing single conformation features
2021-06-06 15:31:36,242 INFO: Structure 0 out of 200
2021-06-06 15:31:36,732 INFO: Structure 1 out of 200
2021-06-06 15:31:37,517 INFO: Structure 2 out of 200
2021-06-06 15:31:38,431 INFO: Structure 3 out of 200
2021-06-06 15:31:38,923 INFO: Structure 4 out of 200
2021-06-06 15:31:39,418 INFO: Structure 5 out of 200
2021-06-06 15:31:39,971 INFO: Structure 6 out of 200
2021-06-06 15:31:40,439 INFO: Structure 7 out of 200
2021-06-06 15:31:41,046 INFO: Structure 8 out of 200
2021-06-06 15:31:41,597 INFO: Structure 9 out of 200
2021-06-06 15:31:42,079 INFO: Structure 10 out of 200
2021-06-06 15:31:42,537 INFO: Structure 11 out of 200
2021-06-06 15:31:43,019 INFO: Structure 12 out of 200
2021-06-06 15:31:43,524 INFO: Structure 13 out of 200
2021-06-06 15:31:43,984 INFO: Structure 14 out of 200
2021-06-06 15:31:44,435 INFO: Structure 15 out of 200
2021-06-06 15:31:44,849 INFO: Structure 16 out of 200
2021-06-06 15:31:45,332 INFO: Structure 17 out of 200
2021-06-06 15:31:45,748 INFO: Structure 18 out of 200
2021-06-06 15:31:46,178 INFO: Structure 19 out of 200
2021-06-06 15:31:46,625 INFO: Structure 20 out of 200
2021-06-06 15:31:47,052 INFO: Structure 21 out of 200
2021-06-06 15:31:47,493 INFO: Structure 22 out of 200
2021-06-06 15:31:47,918 INFO: Structure 23 out of 200
2021-06-06 15:31:48,342 INFO: Structure 24 out of 200
2021-06-06 15:31:48,765 INFO: Structure 25 out of 200
2021-06-06 15:31:49,163 INFO: Structure 26 out of 200
2021-06-06 15:31:49,671 INFO: Structure 27 out of 200
2021-06-06 15:31:50,071 INFO: Structure 28 out of 200
2021-06-06 15:31:50,476 INFO: Structure 29 out of 200
2021-06-06 15:31:50,880 INFO: Structure 30 out of 200
2021-06-06 15:31:51,263 INFO: Structure 31 out of 200
2021-06-06 15:31:51,687 INFO: Structure 32 out of 200
2021-06-06 15:31:52,061 INFO: Structure 33 out of 200
2021-06-06 15:31:52,495 INFO: Structure 34 out of 200
2021-06-06 15:31:52,878 INFO: Structure 35 out of 200
2021-06-06 15:31:53,250 INFO: Structure 36 out of 200
2021-06-06 15:31:53,635 INFO: Structure 37 out of 200
2021-06-06 15:31:54,038 INFO: Structure 38 out of 200
2021-06-06 15:31:54,432 INFO: Structure 39 out of 200
2021-06-06 15:31:54,869 INFO: Structure 40 out of 200
2021-06-06 15:31:55,292 INFO: Structure 41 out of 200
2021-06-06 15:31:55,729 INFO: Structure 42 out of 200
2021-06-06 15:31:56,219 INFO: Structure 43 out of 200
2021-06-06 15:31:56,622 INFO: Structure 44 out of 200
2021-06-06 15:31:56,996 INFO: Structure 45 out of 200
2021-06-06 15:31:57,347 INFO: Structure 46 out of 200
2021-06-06 15:31:57,710 INFO: Structure 47 out of 200
2021-06-06 15:31:58,058 INFO: Structure 48 out of 200
2021-06-06 15:31:58,448 INFO: Structure 49 out of 200
2021-06-06 15:31:58,813 INFO: Structure 50 out of 200
2021-06-06 15:31:59,275 INFO: Structure 51 out of 200
2021-06-06 15:31:59,721 INFO: Structure 52 out of 200
2021-06-06 15:32:00,198 INFO: Structure 53 out of 200
2021-06-06 15:32:00,635 INFO: Structure 54 out of 200
2021-06-06 15:32:01,031 INFO: Structure 55 out of 200
2021-06-06 15:32:01,396 INFO: Structure 56 out of 200
2021-06-06 15:32:01,784 INFO: Structure 57 out of 200
2021-06-06 15:32:02,328 INFO: Structure 58 out of 200
2021-06-06 15:32:02,812 INFO: Structure 59 out of 200
2021-06-06 15:32:03,412 INFO: Structure 60 out of 200
2021-06-06 15:32:03,871 INFO: Structure 61 out of 200
2021-06-06 15:32:04,328 INFO: Structure 62 out of 200
2021-06-06 15:32:04,812 INFO: Structure 63 out of 200
2021-06-06 15:32:05,562 INFO: Structure 64 out of 200
2021-06-06 15:32:06,099 INFO: Structure 65 out of 200
2021-06-06 15:32:06,518 INFO: Structure 66 out of 200
2021-06-06 15:32:07,036 INFO: Structure 67 out of 200
2021-06-06 15:32:07,471 INFO: Structure 68 out of 200
2021-06-06 15:32:07,874 INFO: Structure 69 out of 200
2021-06-06 15:32:08,412 INFO: Structure 70 out of 200
2021-06-06 15:32:09,037 INFO: Structure 71 out of 200
2021-06-06 15:32:10,550 INFO: Structure 72 out of 200
2021-06-06 15:32:11,098 INFO: Structure 73 out of 200
2021-06-06 15:32:11,646 INFO: Structure 74 out of 200
2021-06-06 15:32:12,337 INFO: Structure 75 out of 200
2021-06-06 15:32:13,434 INFO: Structure 76 out of 200
2021-06-06 15:32:14,037 INFO: Structure 77 out of 200
2021-06-06 15:32:14,739 INFO: Structure 78 out of 200
2021-06-06 15:32:15,357 INFO: Structure 79 out of 200
2021-06-06 15:32:16,076 INFO: Structure 80 out of 200
2021-06-06 15:32:16,593 INFO: Structure 81 out of 200
2021-06-06 15:32:17,178 INFO: Structure 82 out of 200
2021-06-06 15:32:17,733 INFO: Structure 83 out of 200
2021-06-06 15:32:18,311 INFO: Structure 84 out of 200
2021-06-06 15:32:18,873 INFO: Structure 85 out of 200
2021-06-06 15:32:19,460 INFO: Structure 86 out of 200
2021-06-06 15:32:19,990 INFO: Structure 87 out of 200
2021-06-06 15:32:20,616 INFO: Structure 88 out of 200
2021-06-06 15:32:21,287 INFO: Structure 89 out of 200
2021-06-06 15:32:21,772 INFO: Structure 90 out of 200
2021-06-06 15:32:22,228 INFO: Structure 91 out of 200
2021-06-06 15:32:22,747 INFO: Structure 92 out of 200
2021-06-06 15:32:23,359 INFO: Structure 93 out of 200
2021-06-06 15:32:23,898 INFO: Structure 94 out of 200
2021-06-06 15:32:24,396 INFO: Structure 95 out of 200
2021-06-06 15:32:24,981 INFO: Structure 96 out of 200
2021-06-06 15:32:25,606 INFO: Structure 97 out of 200
2021-06-06 15:32:26,009 INFO: Structure 98 out of 200
2021-06-06 15:32:26,384 INFO: Structure 99 out of 200
2021-06-06 15:32:26,788 INFO: Structure 100 out of 200
2021-06-06 15:32:27,163 INFO: Structure 101 out of 200
2021-06-06 15:32:27,536 INFO: Structure 102 out of 200
2021-06-06 15:32:27,914 INFO: Structure 103 out of 200
2021-06-06 15:32:28,278 INFO: Structure 104 out of 200
2021-06-06 15:32:28,649 INFO: Structure 105 out of 200
2021-06-06 15:32:29,025 INFO: Structure 106 out of 200
2021-06-06 15:32:29,389 INFO: Structure 107 out of 200
2021-06-06 15:32:29,760 INFO: Structure 108 out of 200
2021-06-06 15:32:30,140 INFO: Structure 109 out of 200
2021-06-06 15:32:30,581 INFO: Structure 110 out of 200
2021-06-06 15:32:31,016 INFO: Structure 111 out of 200
2021-06-06 15:32:31,365 INFO: Structure 112 out of 200
2021-06-06 15:32:31,732 INFO: Structure 113 out of 200
2021-06-06 15:32:32,098 INFO: Structure 114 out of 200
2021-06-06 15:32:32,460 INFO: Structure 115 out of 200
2021-06-06 15:32:32,841 INFO: Structure 116 out of 200
2021-06-06 15:32:33,212 INFO: Structure 117 out of 200
2021-06-06 15:32:33,588 INFO: Structure 118 out of 200
2021-06-06 15:32:34,047 INFO: Structure 119 out of 200
2021-06-06 15:32:34,571 INFO: Structure 120 out of 200
2021-06-06 15:32:35,266 INFO: Structure 121 out of 200
2021-06-06 15:32:36,339 INFO: Structure 122 out of 200
2021-06-06 15:32:37,080 INFO: Structure 123 out of 200
2021-06-06 15:32:37,783 INFO: Structure 124 out of 200
2021-06-06 15:32:38,569 INFO: Structure 125 out of 200
2021-06-06 15:32:39,315 INFO: Structure 126 out of 200
2021-06-06 15:32:39,884 INFO: Structure 127 out of 200
2021-06-06 15:32:40,396 INFO: Structure 128 out of 200
2021-06-06 15:32:40,999 INFO: Structure 129 out of 200
2021-06-06 15:32:41,472 INFO: Structure 130 out of 200
2021-06-06 15:32:42,004 INFO: Structure 131 out of 200
2021-06-06 15:32:42,488 INFO: Structure 132 out of 200
2021-06-06 15:32:43,138 INFO: Structure 133 out of 200
2021-06-06 15:32:43,876 INFO: Structure 134 out of 200
2021-06-06 15:32:44,462 INFO: Structure 135 out of 200
2021-06-06 15:32:44,999 INFO: Structure 136 out of 200
2021-06-06 15:32:45,558 INFO: Structure 137 out of 200
2021-06-06 15:32:46,387 INFO: Structure 138 out of 200
2021-06-06 15:32:46,954 INFO: Structure 139 out of 200
2021-06-06 15:32:47,519 INFO: Structure 140 out of 200
2021-06-06 15:32:48,199 INFO: Structure 141 out of 200
2021-06-06 15:32:48,879 INFO: Structure 142 out of 200
2021-06-06 15:32:49,646 INFO: Structure 143 out of 200
2021-06-06 15:32:50,264 INFO: Structure 144 out of 200
2021-06-06 15:32:50,906 INFO: Structure 145 out of 200
2021-06-06 15:32:51,450 INFO: Structure 146 out of 200
2021-06-06 15:32:52,078 INFO: Structure 147 out of 200
2021-06-06 15:32:52,507 INFO: Structure 148 out of 200
2021-06-06 15:32:52,903 INFO: Structure 149 out of 200
2021-06-06 15:32:53,414 INFO: Structure 150 out of 200
2021-06-06 15:32:54,076 INFO: Structure 151 out of 200
2021-06-06 15:32:54,594 INFO: Structure 152 out of 200
2021-06-06 15:32:55,209 INFO: Structure 153 out of 200
2021-06-06 15:32:55,825 INFO: Structure 154 out of 200
2021-06-06 15:32:56,342 INFO: Structure 155 out of 200
2021-06-06 15:32:57,000 INFO: Structure 156 out of 200
2021-06-06 15:32:57,599 INFO: Structure 157 out of 200
2021-06-06 15:32:58,294 INFO: Structure 158 out of 200
2021-06-06 15:32:59,019 INFO: Structure 159 out of 200
2021-06-06 15:32:59,814 INFO: Structure 160 out of 200
2021-06-06 15:33:00,578 INFO: Structure 161 out of 200
2021-06-06 15:33:01,130 INFO: Structure 162 out of 200
2021-06-06 15:33:01,601 INFO: Structure 163 out of 200
2021-06-06 15:33:02,111 INFO: Structure 164 out of 200
2021-06-06 15:33:02,628 INFO: Structure 165 out of 200
2021-06-06 15:33:03,061 INFO: Structure 166 out of 200
2021-06-06 15:33:03,524 INFO: Structure 167 out of 200
2021-06-06 15:33:03,949 INFO: Structure 168 out of 200
2021-06-06 15:33:04,443 INFO: Structure 169 out of 200
2021-06-06 15:33:04,962 INFO: Structure 170 out of 200
2021-06-06 15:33:05,531 INFO: Structure 171 out of 200
2021-06-06 15:33:06,033 INFO: Structure 172 out of 200
2021-06-06 15:33:06,535 INFO: Structure 173 out of 200
2021-06-06 15:33:06,999 INFO: Structure 174 out of 200
2021-06-06 15:33:07,516 INFO: Structure 175 out of 200
2021-06-06 15:33:08,035 INFO: Structure 176 out of 200
2021-06-06 15:33:08,680 INFO: Structure 177 out of 200
2021-06-06 15:33:09,153 INFO: Structure 178 out of 200
2021-06-06 15:33:09,595 INFO: Structure 179 out of 200
2021-06-06 15:33:10,174 INFO: Structure 180 out of 200
2021-06-06 15:33:10,782 INFO: Structure 181 out of 200
2021-06-06 15:33:11,426 INFO: Structure 182 out of 200
2021-06-06 15:33:11,986 INFO: Structure 183 out of 200
2021-06-06 15:33:12,436 INFO: Structure 184 out of 200
2021-06-06 15:33:12,939 INFO: Structure 185 out of 200
2021-06-06 15:33:13,345 INFO: Structure 186 out of 200
2021-06-06 15:33:13,781 INFO: Structure 187 out of 200
2021-06-06 15:33:14,173 INFO: Structure 188 out of 200
2021-06-06 15:33:14,539 INFO: Structure 189 out of 200
2021-06-06 15:33:14,929 INFO: Structure 190 out of 200
2021-06-06 15:33:15,303 INFO: Structure 191 out of 200
2021-06-06 15:33:15,742 INFO: Structure 192 out of 200
2021-06-06 15:33:16,234 INFO: Structure 193 out of 200
2021-06-06 15:33:16,784 INFO: Structure 194 out of 200
2021-06-06 15:33:17,182 INFO: Structure 195 out of 200
2021-06-06 15:33:17,566 INFO: Structure 196 out of 200
2021-06-06 15:33:17,960 INFO: Structure 197 out of 200
2021-06-06 15:33:18,358 INFO: Structure 198 out of 200
2021-06-06 15:33:18,747 INFO: Structure 199 out of 200
2021-06-06 15:33:19,113 INFO: Dumping single conformation features to file
2021-06-06 15:33:27,392 INFO: Computing distance matrix for clustering
2021-06-06 15:36:05,442 INFO: Clustering distance matrix. Structure 0 out of 200
2021-06-06 15:36:05,451 INFO: Clustering distance matrix. Structure 1 out of 200
2021-06-06 15:36:05,452 INFO: Clustering distance matrix. Structure 2 out of 200
2021-06-06 15:36:05,452 INFO: Clustering distance matrix. Structure 3 out of 200
2021-06-06 15:36:05,453 INFO: Clustering distance matrix. Structure 4 out of 200
2021-06-06 15:36:05,453 INFO: Clustering distance matrix. Structure 5 out of 200
2021-06-06 15:36:05,454 INFO: Clustering distance matrix. Structure 6 out of 200
2021-06-06 15:36:05,455 INFO: Clustering distance matrix. Structure 7 out of 200
2021-06-06 15:36:05,455 INFO: Clustering distance matrix. Structure 8 out of 200
2021-06-06 15:36:05,456 INFO: Clustering distance matrix. Structure 9 out of 200
2021-06-06 15:36:05,456 INFO: Clustering distance matrix. Structure 10 out of 200
2021-06-06 15:36:05,457 INFO: Clustering distance matrix. Structure 11 out of 200
2021-06-06 15:36:05,457 INFO: Clustering distance matrix. Structure 12 out of 200
2021-06-06 15:36:05,458 INFO: Clustering distance matrix. Structure 13 out of 200
2021-06-06 15:36:05,459 INFO: Clustering distance matrix. Structure 14 out of 200
2021-06-06 15:36:05,459 INFO: Clustering distance matrix. Structure 15 out of 200
2021-06-06 15:36:05,459 INFO: Clustering distance matrix. Structure 16 out of 200
2021-06-06 15:36:05,460 INFO: Clustering distance matrix. Structure 17 out of 200
2021-06-06 15:36:05,460 INFO: Clustering distance matrix. Structure 18 out of 200
2021-06-06 15:36:05,461 INFO: Clustering distance matrix. Structure 19 out of 200
2021-06-06 15:36:05,461 INFO: Clustering distance matrix. Structure 20 out of 200
2021-06-06 15:36:05,462 INFO: Clustering distance matrix. Structure 21 out of 200
2021-06-06 15:36:05,462 INFO: Clustering distance matrix. Structure 22 out of 200
2021-06-06 15:36:05,462 INFO: Clustering distance matrix. Structure 23 out of 200
2021-06-06 15:36:05,463 INFO: Clustering distance matrix. Structure 24 out of 200
2021-06-06 15:36:05,463 INFO: Clustering distance matrix. Structure 25 out of 200
2021-06-06 15:36:05,464 INFO: Clustering distance matrix. Structure 26 out of 200
2021-06-06 15:36:05,464 INFO: Clustering distance matrix. Structure 27 out of 200
2021-06-06 15:36:05,465 INFO: Clustering distance matrix. Structure 28 out of 200
2021-06-06 15:36:05,465 INFO: Clustering distance matrix. Structure 29 out of 200
2021-06-06 15:36:05,465 INFO: Clustering distance matrix. Structure 30 out of 200
2021-06-06 15:36:05,466 INFO: Clustering distance matrix. Structure 31 out of 200
2021-06-06 15:36:05,466 INFO: Clustering distance matrix. Structure 32 out of 200
2021-06-06 15:36:05,467 INFO: Clustering distance matrix. Structure 33 out of 200
2021-06-06 15:36:05,467 INFO: Clustering distance matrix. Structure 34 out of 200
2021-06-06 15:36:05,467 INFO: Clustering distance matrix. Structure 35 out of 200
2021-06-06 15:36:05,467 INFO: Clustering distance matrix. Structure 36 out of 200
2021-06-06 15:36:05,468 INFO: Clustering distance matrix. Structure 37 out of 200
2021-06-06 15:36:05,469 INFO: Clustering distance matrix. Structure 38 out of 200
2021-06-06 15:36:05,469 INFO: Clustering distance matrix. Structure 39 out of 200
2021-06-06 15:36:05,469 INFO: Clustering distance matrix. Structure 40 out of 200
2021-06-06 15:36:05,469 INFO: Clustering distance matrix. Structure 41 out of 200
2021-06-06 15:36:05,469 INFO: Clustering distance matrix. Structure 42 out of 200
2021-06-06 15:36:05,470 INFO: Clustering distance matrix. Structure 43 out of 200
2021-06-06 15:36:05,470 INFO: Clustering distance matrix. Structure 44 out of 200
2021-06-06 15:36:05,470 INFO: Clustering distance matrix. Structure 45 out of 200
2021-06-06 15:36:05,471 INFO: Clustering distance matrix. Structure 46 out of 200
2021-06-06 15:36:05,471 INFO: Clustering distance matrix. Structure 47 out of 200
2021-06-06 15:36:05,471 INFO: Clustering distance matrix. Structure 48 out of 200
2021-06-06 15:36:05,471 INFO: Clustering distance matrix. Structure 49 out of 200
2021-06-06 15:36:05,472 INFO: Clustering distance matrix. Structure 50 out of 200
2021-06-06 15:36:05,472 INFO: Clustering distance matrix. Structure 51 out of 200
2021-06-06 15:36:05,472 INFO: Clustering distance matrix. Structure 52 out of 200
2021-06-06 15:36:05,473 INFO: Clustering distance matrix. Structure 53 out of 200
2021-06-06 15:36:05,475 INFO: Clustering distance matrix. Structure 54 out of 200
2021-06-06 15:36:05,475 INFO: Clustering distance matrix. Structure 55 out of 200
2021-06-06 15:36:05,475 INFO: Clustering distance matrix. Structure 56 out of 200
2021-06-06 15:36:05,476 INFO: Clustering distance matrix. Structure 57 out of 200
2021-06-06 15:36:05,476 INFO: Clustering distance matrix. Structure 58 out of 200
2021-06-06 15:36:05,476 INFO: Clustering distance matrix. Structure 59 out of 200
2021-06-06 15:36:05,476 INFO: Clustering distance matrix. Structure 60 out of 200
2021-06-06 15:36:05,476 INFO: Clustering distance matrix. Structure 61 out of 200
2021-06-06 15:36:05,476 INFO: Clustering distance matrix. Structure 62 out of 200
2021-06-06 15:36:05,477 INFO: Clustering distance matrix. Structure 63 out of 200
2021-06-06 15:36:05,477 INFO: Clustering distance matrix. Structure 64 out of 200
2021-06-06 15:36:05,477 INFO: Clustering distance matrix. Structure 65 out of 200
2021-06-06 15:36:05,478 INFO: Clustering distance matrix. Structure 66 out of 200
2021-06-06 15:36:05,478 INFO: Clustering distance matrix. Structure 67 out of 200
2021-06-06 15:36:05,479 INFO: Clustering distance matrix. Structure 68 out of 200
2021-06-06 15:36:05,479 INFO: Clustering distance matrix. Structure 69 out of 200
2021-06-06 15:36:05,479 INFO: Clustering distance matrix. Structure 70 out of 200
2021-06-06 15:36:05,479 INFO: Clustering distance matrix. Structure 71 out of 200
2021-06-06 15:36:05,479 INFO: Clustering distance matrix. Structure 72 out of 200
2021-06-06 15:36:05,480 INFO: Clustering distance matrix. Structure 73 out of 200
2021-06-06 15:36:05,480 INFO: Clustering distance matrix. Structure 74 out of 200
2021-06-06 15:36:05,480 INFO: Clustering distance matrix. Structure 75 out of 200
2021-06-06 15:36:05,480 INFO: Clustering distance matrix. Structure 76 out of 200
2021-06-06 15:36:05,480 INFO: Clustering distance matrix. Structure 77 out of 200
2021-06-06 15:36:05,481 INFO: Clustering distance matrix. Structure 78 out of 200
2021-06-06 15:36:05,481 INFO: Clustering distance matrix. Structure 79 out of 200
2021-06-06 15:36:05,481 INFO: Clustering distance matrix. Structure 80 out of 200
2021-06-06 15:36:05,481 INFO: Clustering distance matrix. Structure 81 out of 200
2021-06-06 15:36:05,481 INFO: Clustering distance matrix. Structure 82 out of 200
2021-06-06 15:36:05,482 INFO: Clustering distance matrix. Structure 83 out of 200
2021-06-06 15:36:05,485 INFO: Clustering distance matrix. Structure 84 out of 200
2021-06-06 15:36:05,486 INFO: Clustering distance matrix. Structure 85 out of 200
2021-06-06 15:36:05,487 INFO: Clustering distance matrix. Structure 86 out of 200
2021-06-06 15:36:05,488 INFO: Clustering distance matrix. Structure 87 out of 200
2021-06-06 15:36:05,489 INFO: Clustering distance matrix. Structure 88 out of 200
2021-06-06 15:36:05,489 INFO: Clustering distance matrix. Structure 89 out of 200
2021-06-06 15:36:05,489 INFO: Clustering distance matrix. Structure 90 out of 200
2021-06-06 15:36:05,490 INFO: Clustering distance matrix. Structure 91 out of 200
2021-06-06 15:36:05,490 INFO: Clustering distance matrix. Structure 92 out of 200
2021-06-06 15:36:05,490 INFO: Clustering distance matrix. Structure 93 out of 200
2021-06-06 15:36:05,490 INFO: Clustering distance matrix. Structure 94 out of 200
2021-06-06 15:36:05,491 INFO: Clustering distance matrix. Structure 95 out of 200
2021-06-06 15:36:05,491 INFO: Clustering distance matrix. Structure 96 out of 200
2021-06-06 15:36:05,491 INFO: Clustering distance matrix. Structure 97 out of 200
2021-06-06 15:36:05,492 INFO: Clustering distance matrix. Structure 98 out of 200
2021-06-06 15:36:05,492 INFO: Clustering distance matrix. Structure 99 out of 200
2021-06-06 15:36:05,493 INFO: Clustering distance matrix. Structure 100 out of 200
2021-06-06 15:36:05,493 INFO: Clustering distance matrix. Structure 101 out of 200
2021-06-06 15:36:05,493 INFO: Clustering distance matrix. Structure 102 out of 200
2021-06-06 15:36:05,493 INFO: Clustering distance matrix. Structure 103 out of 200
2021-06-06 15:36:05,493 INFO: Clustering distance matrix. Structure 104 out of 200
2021-06-06 15:36:05,494 INFO: Clustering distance matrix. Structure 105 out of 200
2021-06-06 15:36:05,494 INFO: Clustering distance matrix. Structure 106 out of 200
2021-06-06 15:36:05,494 INFO: Clustering distance matrix. Structure 107 out of 200
2021-06-06 15:36:05,495 INFO: Clustering distance matrix. Structure 108 out of 200
2021-06-06 15:36:05,495 INFO: Clustering distance matrix. Structure 109 out of 200
2021-06-06 15:36:05,495 INFO: Clustering distance matrix. Structure 110 out of 200
2021-06-06 15:36:05,495 INFO: Clustering distance matrix. Structure 111 out of 200
2021-06-06 15:36:05,495 INFO: Clustering distance matrix. Structure 112 out of 200
2021-06-06 15:36:05,495 INFO: Clustering distance matrix. Structure 113 out of 200
2021-06-06 15:36:05,495 INFO: Clustering distance matrix. Structure 114 out of 200
2021-06-06 15:36:05,496 INFO: Clustering distance matrix. Structure 115 out of 200
2021-06-06 15:36:05,496 INFO: Clustering distance matrix. Structure 116 out of 200
2021-06-06 15:36:05,496 INFO: Clustering distance matrix. Structure 117 out of 200
2021-06-06 15:36:05,496 INFO: Clustering distance matrix. Structure 118 out of 200
2021-06-06 15:36:05,496 INFO: Clustering distance matrix. Structure 119 out of 200
2021-06-06 15:36:05,496 INFO: Clustering distance matrix. Structure 120 out of 200
2021-06-06 15:36:05,496 INFO: Clustering distance matrix. Structure 121 out of 200
2021-06-06 15:36:05,496 INFO: Clustering distance matrix. Structure 122 out of 200
2021-06-06 15:36:05,497 INFO: Clustering distance matrix. Structure 123 out of 200
2021-06-06 15:36:05,497 INFO: Clustering distance matrix. Structure 124 out of 200
2021-06-06 15:36:05,497 INFO: Clustering distance matrix. Structure 125 out of 200
2021-06-06 15:36:05,497 INFO: Clustering distance matrix. Structure 126 out of 200
2021-06-06 15:36:05,497 INFO: Clustering distance matrix. Structure 127 out of 200
2021-06-06 15:36:05,498 INFO: Clustering distance matrix. Structure 128 out of 200
2021-06-06 15:36:05,498 INFO: Clustering distance matrix. Structure 129 out of 200
2021-06-06 15:36:05,501 INFO: Clustering distance matrix. Structure 130 out of 200
2021-06-06 15:36:05,501 INFO: Clustering distance matrix. Structure 131 out of 200
2021-06-06 15:36:05,502 INFO: Clustering distance matrix. Structure 132 out of 200
2021-06-06 15:36:05,502 INFO: Clustering distance matrix. Structure 133 out of 200
2021-06-06 15:36:05,502 INFO: Clustering distance matrix. Structure 134 out of 200
2021-06-06 15:36:05,503 INFO: Clustering distance matrix. Structure 135 out of 200
2021-06-06 15:36:05,503 INFO: Clustering distance matrix. Structure 136 out of 200
2021-06-06 15:36:05,503 INFO: Clustering distance matrix. Structure 137 out of 200
2021-06-06 15:36:05,503 INFO: Clustering distance matrix. Structure 138 out of 200
2021-06-06 15:36:05,503 INFO: Clustering distance matrix. Structure 139 out of 200
2021-06-06 15:36:05,504 INFO: Clustering distance matrix. Structure 140 out of 200
2021-06-06 15:36:05,504 INFO: Clustering distance matrix. Structure 141 out of 200
2021-06-06 15:36:05,504 INFO: Clustering distance matrix. Structure 142 out of 200
2021-06-06 15:36:05,504 INFO: Clustering distance matrix. Structure 143 out of 200
2021-06-06 15:36:05,504 INFO: Clustering distance matrix. Structure 144 out of 200
2021-06-06 15:36:05,504 INFO: Clustering distance matrix. Structure 145 out of 200
2021-06-06 15:36:05,504 INFO: Clustering distance matrix. Structure 146 out of 200
2021-06-06 15:36:05,504 INFO: Clustering distance matrix. Structure 147 out of 200
2021-06-06 15:36:05,505 INFO: Clustering distance matrix. Structure 148 out of 200
2021-06-06 15:36:05,505 INFO: Clustering distance matrix. Structure 149 out of 200
2021-06-06 15:36:05,505 INFO: Clustering distance matrix. Structure 150 out of 200
2021-06-06 15:36:05,505 INFO: Clustering distance matrix. Structure 151 out of 200
2021-06-06 15:36:05,505 INFO: Clustering distance matrix. Structure 152 out of 200
2021-06-06 15:36:05,505 INFO: Clustering distance matrix. Structure 153 out of 200
2021-06-06 15:36:05,505 INFO: Clustering distance matrix. Structure 154 out of 200
2021-06-06 15:36:05,505 INFO: Clustering distance matrix. Structure 155 out of 200
2021-06-06 15:36:05,505 INFO: Clustering distance matrix. Structure 156 out of 200
2021-06-06 15:36:05,506 INFO: Clustering distance matrix. Structure 157 out of 200
2021-06-06 15:36:05,506 INFO: Clustering distance matrix. Structure 158 out of 200
2021-06-06 15:36:05,506 INFO: Clustering distance matrix. Structure 159 out of 200
2021-06-06 15:36:05,506 INFO: Clustering distance matrix. Structure 160 out of 200
2021-06-06 15:36:05,506 INFO: Clustering distance matrix. Structure 161 out of 200
2021-06-06 15:36:05,507 INFO: Clustering distance matrix. Structure 162 out of 200
2021-06-06 15:36:05,507 INFO: Clustering distance matrix. Structure 163 out of 200
2021-06-06 15:36:05,507 INFO: Clustering distance matrix. Structure 164 out of 200
2021-06-06 15:36:05,507 INFO: Clustering distance matrix. Structure 165 out of 200
2021-06-06 15:36:05,507 INFO: Clustering distance matrix. Structure 166 out of 200
2021-06-06 15:36:05,507 INFO: Clustering distance matrix. Structure 167 out of 200
2021-06-06 15:36:05,507 INFO: Clustering distance matrix. Structure 168 out of 200
2021-06-06 15:36:05,507 INFO: Clustering distance matrix. Structure 169 out of 200
2021-06-06 15:36:05,507 INFO: Clustering distance matrix. Structure 170 out of 200
2021-06-06 15:36:05,507 INFO: Clustering distance matrix. Structure 171 out of 200
2021-06-06 15:36:05,507 INFO: Clustering distance matrix. Structure 172 out of 200
2021-06-06 15:36:05,507 INFO: Clustering distance matrix. Structure 173 out of 200
2021-06-06 15:36:05,508 INFO: Clustering distance matrix. Structure 174 out of 200
2021-06-06 15:36:05,508 INFO: Clustering distance matrix. Structure 175 out of 200
2021-06-06 15:36:05,508 INFO: Clustering distance matrix. Structure 176 out of 200
2021-06-06 15:36:05,508 INFO: Clustering distance matrix. Structure 177 out of 200
2021-06-06 15:36:05,508 INFO: Clustering distance matrix. Structure 178 out of 200
2021-06-06 15:36:05,508 INFO: Clustering distance matrix. Structure 179 out of 200
2021-06-06 15:36:05,508 INFO: Clustering distance matrix. Structure 180 out of 200
2021-06-06 15:36:05,508 INFO: Clustering distance matrix. Structure 181 out of 200
2021-06-06 15:36:05,508 INFO: Clustering distance matrix. Structure 182 out of 200
2021-06-06 15:36:05,509 INFO: Clustering distance matrix. Structure 183 out of 200
2021-06-06 15:36:05,509 INFO: Clustering distance matrix. Structure 184 out of 200
2021-06-06 15:36:05,509 INFO: Clustering distance matrix. Structure 185 out of 200
2021-06-06 15:36:05,509 INFO: Clustering distance matrix. Structure 186 out of 200
2021-06-06 15:36:05,509 INFO: Clustering distance matrix. Structure 187 out of 200
2021-06-06 15:36:05,509 INFO: Clustering distance matrix. Structure 188 out of 200
2021-06-06 15:36:05,509 INFO: Clustering distance matrix. Structure 189 out of 200
2021-06-06 15:36:05,509 INFO: Clustering distance matrix. Structure 190 out of 200
2021-06-06 15:36:05,509 INFO: Clustering distance matrix. Structure 191 out of 200
2021-06-06 15:36:05,509 INFO: Clustering distance matrix. Structure 192 out of 200
2021-06-06 15:36:05,509 INFO: Clustering distance matrix. Structure 193 out of 200
2021-06-06 15:36:05,509 INFO: Clustering distance matrix. Structure 194 out of 200
2021-06-06 15:36:05,509 INFO: Clustering distance matrix. Structure 195 out of 200
2021-06-06 15:36:05,509 INFO: Clustering distance matrix. Structure 196 out of 200
2021-06-06 15:36:05,509 INFO: Clustering distance matrix. Structure 197 out of 200
2021-06-06 15:36:05,509 INFO: Clustering distance matrix. Structure 198 out of 200
2021-06-06 15:36:05,510 INFO: Clustering distance matrix. Structure 199 out of 200
2021-06-06 15:36:05,510 INFO: Saving distance matrix for clustering
2021-06-06 15:36:05,547 INFO: Identify automatically the number of clusters with elbow plot
2021-06-06 15:36:21,795 INFO: Getting representative distance
2021-06-06 15:36:21,799 INFO: Printing graph
2021-06-06 15:36:23,960 INFO: Printing graph heatmap
2021-06-06 15:36:25,273 INFO: Creating pymol image
2021-06-06 15:36:30,967 INFO: Getting variability of representatives
2021-06-06 15:36:31,009 INFO: Getting pymol representative structure names
2021-06-06 15:36:31,013 INFO: Showing representatives
2021-06-06 15:36:31,141 INFO: Aligning representatives
2021-06-06 15:36:32,853 INFO: Centering and zooming pymol image
2021-06-06 15:36:32,957 INFO: Getting variability for coloring
2021-06-06 15:36:38,421 INFO: Dumping pymol image
2021-06-06 15:37:31,232 INFO: Task 1 program end
